ARM GAS  /tmp/cci1ZmFJ.s 			page 1


   1              		.cpu cortex-m4
   2              		.arch armv7e-m
   3              		.fpu fpv4-sp-d16
   4              		.eabi_attribute 27, 1
   5              		.eabi_attribute 28, 1
   6              		.eabi_attribute 20, 1
   7              		.eabi_attribute 21, 1
   8              		.eabi_attribute 23, 3
   9              		.eabi_attribute 24, 1
  10              		.eabi_attribute 25, 1
  11              		.eabi_attribute 26, 1
  12              		.eabi_attribute 30, 1
  13              		.eabi_attribute 34, 1
  14              		.eabi_attribute 18, 4
  15              		.file	"stm32f4xx_hal_msp.c"
  16              		.text
  17              	.Ltext0:
  18              		.cfi_sections	.debug_frame
  19              		.file 1 "Core/Src/stm32f4xx_hal_msp.c"
  20              		.section	.text.HAL_MspInit,"ax",%progbits
  21              		.align	1
  22              		.global	HAL_MspInit
  23              		.syntax unified
  24              		.thumb
  25              		.thumb_func
  27              	HAL_MspInit:
  28              	.LFB134:
   1:Core/Src/stm32f4xx_hal_msp.c **** /* USER CODE BEGIN Header */
   2:Core/Src/stm32f4xx_hal_msp.c **** /**
   3:Core/Src/stm32f4xx_hal_msp.c ****   ******************************************************************************
   4:Core/Src/stm32f4xx_hal_msp.c ****   * @file         stm32f4xx_hal_msp.c
   5:Core/Src/stm32f4xx_hal_msp.c ****   * @brief        This file provides code for the MSP Initialization
   6:Core/Src/stm32f4xx_hal_msp.c ****   *               and de-Initialization codes.
   7:Core/Src/stm32f4xx_hal_msp.c ****   ******************************************************************************
   8:Core/Src/stm32f4xx_hal_msp.c ****   * @attention
   9:Core/Src/stm32f4xx_hal_msp.c ****   *
  10:Core/Src/stm32f4xx_hal_msp.c ****   * Copyright (c) 2026 STMicroelectronics.
  11:Core/Src/stm32f4xx_hal_msp.c ****   * All rights reserved.
  12:Core/Src/stm32f4xx_hal_msp.c ****   *
  13:Core/Src/stm32f4xx_hal_msp.c ****   * This software is licensed under terms that can be found in the LICENSE file
  14:Core/Src/stm32f4xx_hal_msp.c ****   * in the root directory of this software component.
  15:Core/Src/stm32f4xx_hal_msp.c ****   * If no LICENSE file comes with this software, it is provided AS-IS.
  16:Core/Src/stm32f4xx_hal_msp.c ****   *
  17:Core/Src/stm32f4xx_hal_msp.c ****   ******************************************************************************
  18:Core/Src/stm32f4xx_hal_msp.c ****   */
  19:Core/Src/stm32f4xx_hal_msp.c **** /* USER CODE END Header */
  20:Core/Src/stm32f4xx_hal_msp.c **** /* Includes ------------------------------------------------------------------*/
  21:Core/Src/stm32f4xx_hal_msp.c **** #include "main.h"
  22:Core/Src/stm32f4xx_hal_msp.c **** /* USER CODE BEGIN Includes */
  23:Core/Src/stm32f4xx_hal_msp.c **** 
  24:Core/Src/stm32f4xx_hal_msp.c **** /* USER CODE END Includes */
  25:Core/Src/stm32f4xx_hal_msp.c **** 
  26:Core/Src/stm32f4xx_hal_msp.c **** /* Private typedef -----------------------------------------------------------*/
  27:Core/Src/stm32f4xx_hal_msp.c **** /* USER CODE BEGIN TD */
  28:Core/Src/stm32f4xx_hal_msp.c **** 
  29:Core/Src/stm32f4xx_hal_msp.c **** /* USER CODE END TD */
  30:Core/Src/stm32f4xx_hal_msp.c **** 
ARM GAS  /tmp/cci1ZmFJ.s 			page 2


  31:Core/Src/stm32f4xx_hal_msp.c **** /* Private define ------------------------------------------------------------*/
  32:Core/Src/stm32f4xx_hal_msp.c **** /* USER CODE BEGIN Define */
  33:Core/Src/stm32f4xx_hal_msp.c **** 
  34:Core/Src/stm32f4xx_hal_msp.c **** /* USER CODE END Define */
  35:Core/Src/stm32f4xx_hal_msp.c **** 
  36:Core/Src/stm32f4xx_hal_msp.c **** /* Private macro -------------------------------------------------------------*/
  37:Core/Src/stm32f4xx_hal_msp.c **** /* USER CODE BEGIN Macro */
  38:Core/Src/stm32f4xx_hal_msp.c **** 
  39:Core/Src/stm32f4xx_hal_msp.c **** /* USER CODE END Macro */
  40:Core/Src/stm32f4xx_hal_msp.c **** 
  41:Core/Src/stm32f4xx_hal_msp.c **** /* Private variables ---------------------------------------------------------*/
  42:Core/Src/stm32f4xx_hal_msp.c **** /* USER CODE BEGIN PV */
  43:Core/Src/stm32f4xx_hal_msp.c **** 
  44:Core/Src/stm32f4xx_hal_msp.c **** /* USER CODE END PV */
  45:Core/Src/stm32f4xx_hal_msp.c **** 
  46:Core/Src/stm32f4xx_hal_msp.c **** /* Private function prototypes -----------------------------------------------*/
  47:Core/Src/stm32f4xx_hal_msp.c **** /* USER CODE BEGIN PFP */
  48:Core/Src/stm32f4xx_hal_msp.c **** 
  49:Core/Src/stm32f4xx_hal_msp.c **** /* USER CODE END PFP */
  50:Core/Src/stm32f4xx_hal_msp.c **** 
  51:Core/Src/stm32f4xx_hal_msp.c **** /* External functions --------------------------------------------------------*/
  52:Core/Src/stm32f4xx_hal_msp.c **** /* USER CODE BEGIN ExternalFunctions */
  53:Core/Src/stm32f4xx_hal_msp.c **** 
  54:Core/Src/stm32f4xx_hal_msp.c **** /* USER CODE END ExternalFunctions */
  55:Core/Src/stm32f4xx_hal_msp.c **** 
  56:Core/Src/stm32f4xx_hal_msp.c **** /* USER CODE BEGIN 0 */
  57:Core/Src/stm32f4xx_hal_msp.c **** 
  58:Core/Src/stm32f4xx_hal_msp.c **** /* USER CODE END 0 */
  59:Core/Src/stm32f4xx_hal_msp.c **** /**
  60:Core/Src/stm32f4xx_hal_msp.c ****   * Initializes the Global MSP.
  61:Core/Src/stm32f4xx_hal_msp.c ****   */
  62:Core/Src/stm32f4xx_hal_msp.c **** void HAL_MspInit(void)
  63:Core/Src/stm32f4xx_hal_msp.c **** {
  29              		.loc 1 63 1 view -0
  30              		.cfi_startproc
  31              		@ args = 0, pretend = 0, frame = 8
  32              		@ frame_needed = 0, uses_anonymous_args = 0
  33 0000 00B5     		push	{lr}
  34              	.LCFI0:
  35              		.cfi_def_cfa_offset 4
  36              		.cfi_offset 14, -4
  37 0002 83B0     		sub	sp, sp, #12
  38              	.LCFI1:
  39              		.cfi_def_cfa_offset 16
  64:Core/Src/stm32f4xx_hal_msp.c **** 
  65:Core/Src/stm32f4xx_hal_msp.c ****   /* USER CODE BEGIN MspInit 0 */
  66:Core/Src/stm32f4xx_hal_msp.c **** 
  67:Core/Src/stm32f4xx_hal_msp.c ****   /* USER CODE END MspInit 0 */
  68:Core/Src/stm32f4xx_hal_msp.c **** 
  69:Core/Src/stm32f4xx_hal_msp.c ****   __HAL_RCC_SYSCFG_CLK_ENABLE();
  40              		.loc 1 69 3 view .LVU1
  41              	.LBB2:
  42              		.loc 1 69 3 view .LVU2
  43 0004 0021     		movs	r1, #0
  44 0006 0091     		str	r1, [sp]
  45              		.loc 1 69 3 view .LVU3
  46 0008 0C4B     		ldr	r3, .L3
ARM GAS  /tmp/cci1ZmFJ.s 			page 3


  47 000a 5A6C     		ldr	r2, [r3, #68]
  48 000c 42F48042 		orr	r2, r2, #16384
  49 0010 5A64     		str	r2, [r3, #68]
  50              		.loc 1 69 3 view .LVU4
  51 0012 5A6C     		ldr	r2, [r3, #68]
  52 0014 02F48042 		and	r2, r2, #16384
  53 0018 0092     		str	r2, [sp]
  54              		.loc 1 69 3 view .LVU5
  55 001a 009A     		ldr	r2, [sp]
  56              	.LBE2:
  57              		.loc 1 69 3 view .LVU6
  70:Core/Src/stm32f4xx_hal_msp.c ****   __HAL_RCC_PWR_CLK_ENABLE();
  58              		.loc 1 70 3 view .LVU7
  59              	.LBB3:
  60              		.loc 1 70 3 view .LVU8
  61 001c 0191     		str	r1, [sp, #4]
  62              		.loc 1 70 3 view .LVU9
  63 001e 1A6C     		ldr	r2, [r3, #64]
  64 0020 42F08052 		orr	r2, r2, #268435456
  65 0024 1A64     		str	r2, [r3, #64]
  66              		.loc 1 70 3 view .LVU10
  67 0026 1B6C     		ldr	r3, [r3, #64]
  68 0028 03F08053 		and	r3, r3, #268435456
  69 002c 0193     		str	r3, [sp, #4]
  70              		.loc 1 70 3 view .LVU11
  71 002e 019B     		ldr	r3, [sp, #4]
  72              	.LBE3:
  73              		.loc 1 70 3 view .LVU12
  71:Core/Src/stm32f4xx_hal_msp.c **** 
  72:Core/Src/stm32f4xx_hal_msp.c ****   HAL_NVIC_SetPriorityGrouping(NVIC_PRIORITYGROUP_0);
  74              		.loc 1 72 3 view .LVU13
  75 0030 0720     		movs	r0, #7
  76 0032 FFF7FEFF 		bl	HAL_NVIC_SetPriorityGrouping
  77              	.LVL0:
  73:Core/Src/stm32f4xx_hal_msp.c **** 
  74:Core/Src/stm32f4xx_hal_msp.c ****   /* System interrupt init*/
  75:Core/Src/stm32f4xx_hal_msp.c **** 
  76:Core/Src/stm32f4xx_hal_msp.c ****   /* USER CODE BEGIN MspInit 1 */
  77:Core/Src/stm32f4xx_hal_msp.c **** 
  78:Core/Src/stm32f4xx_hal_msp.c ****   /* USER CODE END MspInit 1 */
  79:Core/Src/stm32f4xx_hal_msp.c **** }
  78              		.loc 1 79 1 is_stmt 0 view .LVU14
  79 0036 03B0     		add	sp, sp, #12
  80              	.LCFI2:
  81              		.cfi_def_cfa_offset 4
  82              		@ sp needed
  83 0038 00BD     		pop	{pc}
  84              	.L4:
  85 003a 00BF     		.align	2
  86              	.L3:
  87 003c 00380240 		.word	1073887232
  88              		.cfi_endproc
  89              	.LFE134:
  91              		.section	.text.HAL_CAN_MspInit,"ax",%progbits
  92              		.align	1
  93              		.global	HAL_CAN_MspInit
  94              		.syntax unified
ARM GAS  /tmp/cci1ZmFJ.s 			page 4


  95              		.thumb
  96              		.thumb_func
  98              	HAL_CAN_MspInit:
  99              	.LVL1:
 100              	.LFB135:
  80:Core/Src/stm32f4xx_hal_msp.c **** 
  81:Core/Src/stm32f4xx_hal_msp.c **** /**
  82:Core/Src/stm32f4xx_hal_msp.c ****   * @brief CAN MSP Initialization
  83:Core/Src/stm32f4xx_hal_msp.c ****   * This function configures the hardware resources used in this example
  84:Core/Src/stm32f4xx_hal_msp.c ****   * @param hcan: CAN handle pointer
  85:Core/Src/stm32f4xx_hal_msp.c ****   * @retval None
  86:Core/Src/stm32f4xx_hal_msp.c ****   */
  87:Core/Src/stm32f4xx_hal_msp.c **** void HAL_CAN_MspInit(CAN_HandleTypeDef* hcan)
  88:Core/Src/stm32f4xx_hal_msp.c **** {
 101              		.loc 1 88 1 is_stmt 1 view -0
 102              		.cfi_startproc
 103              		@ args = 0, pretend = 0, frame = 32
 104              		@ frame_needed = 0, uses_anonymous_args = 0
 105              		.loc 1 88 1 is_stmt 0 view .LVU16
 106 0000 10B5     		push	{r4, lr}
 107              	.LCFI3:
 108              		.cfi_def_cfa_offset 8
 109              		.cfi_offset 4, -8
 110              		.cfi_offset 14, -4
 111 0002 88B0     		sub	sp, sp, #32
 112              	.LCFI4:
 113              		.cfi_def_cfa_offset 40
  89:Core/Src/stm32f4xx_hal_msp.c ****   GPIO_InitTypeDef GPIO_InitStruct = {0};
 114              		.loc 1 89 3 is_stmt 1 view .LVU17
 115              		.loc 1 89 20 is_stmt 0 view .LVU18
 116 0004 0023     		movs	r3, #0
 117 0006 0393     		str	r3, [sp, #12]
 118 0008 0493     		str	r3, [sp, #16]
 119 000a 0593     		str	r3, [sp, #20]
 120 000c 0693     		str	r3, [sp, #24]
 121 000e 0793     		str	r3, [sp, #28]
  90:Core/Src/stm32f4xx_hal_msp.c ****   if(hcan->Instance==CAN1)
 122              		.loc 1 90 3 is_stmt 1 view .LVU19
 123              		.loc 1 90 10 is_stmt 0 view .LVU20
 124 0010 0268     		ldr	r2, [r0]
 125              		.loc 1 90 5 view .LVU21
 126 0012 194B     		ldr	r3, .L9
 127 0014 9A42     		cmp	r2, r3
 128 0016 01D0     		beq	.L8
 129              	.LVL2:
 130              	.L5:
  91:Core/Src/stm32f4xx_hal_msp.c ****   {
  92:Core/Src/stm32f4xx_hal_msp.c ****     /* USER CODE BEGIN CAN1_MspInit 0 */
  93:Core/Src/stm32f4xx_hal_msp.c **** 
  94:Core/Src/stm32f4xx_hal_msp.c ****     /* USER CODE END CAN1_MspInit 0 */
  95:Core/Src/stm32f4xx_hal_msp.c ****     /* Peripheral clock enable */
  96:Core/Src/stm32f4xx_hal_msp.c ****     __HAL_RCC_CAN1_CLK_ENABLE();
  97:Core/Src/stm32f4xx_hal_msp.c **** 
  98:Core/Src/stm32f4xx_hal_msp.c ****     __HAL_RCC_GPIOA_CLK_ENABLE();
  99:Core/Src/stm32f4xx_hal_msp.c ****     /**CAN1 GPIO Configuration
 100:Core/Src/stm32f4xx_hal_msp.c ****     PA11     ------> CAN1_RX
 101:Core/Src/stm32f4xx_hal_msp.c ****     PA12     ------> CAN1_TX
ARM GAS  /tmp/cci1ZmFJ.s 			page 5


 102:Core/Src/stm32f4xx_hal_msp.c ****     */
 103:Core/Src/stm32f4xx_hal_msp.c ****     GPIO_InitStruct.Pin = GPIO_PIN_11|GPIO_PIN_12;
 104:Core/Src/stm32f4xx_hal_msp.c ****     GPIO_InitStruct.Mode = GPIO_MODE_AF_PP;
 105:Core/Src/stm32f4xx_hal_msp.c ****     GPIO_InitStruct.Pull = GPIO_NOPULL;
 106:Core/Src/stm32f4xx_hal_msp.c ****     GPIO_InitStruct.Speed = GPIO_SPEED_FREQ_VERY_HIGH;
 107:Core/Src/stm32f4xx_hal_msp.c ****     GPIO_InitStruct.Alternate = GPIO_AF9_CAN1;
 108:Core/Src/stm32f4xx_hal_msp.c ****     HAL_GPIO_Init(GPIOA, &GPIO_InitStruct);
 109:Core/Src/stm32f4xx_hal_msp.c **** 
 110:Core/Src/stm32f4xx_hal_msp.c ****     /* CAN1 interrupt Init */
 111:Core/Src/stm32f4xx_hal_msp.c ****     HAL_NVIC_SetPriority(CAN1_RX0_IRQn, 0, 0);
 112:Core/Src/stm32f4xx_hal_msp.c ****     HAL_NVIC_EnableIRQ(CAN1_RX0_IRQn);
 113:Core/Src/stm32f4xx_hal_msp.c ****     /* USER CODE BEGIN CAN1_MspInit 1 */
 114:Core/Src/stm32f4xx_hal_msp.c **** 
 115:Core/Src/stm32f4xx_hal_msp.c ****     /* USER CODE END CAN1_MspInit 1 */
 116:Core/Src/stm32f4xx_hal_msp.c **** 
 117:Core/Src/stm32f4xx_hal_msp.c ****   }
 118:Core/Src/stm32f4xx_hal_msp.c **** 
 119:Core/Src/stm32f4xx_hal_msp.c **** }
 131              		.loc 1 119 1 view .LVU22
 132 0018 08B0     		add	sp, sp, #32
 133              	.LCFI5:
 134              		.cfi_remember_state
 135              		.cfi_def_cfa_offset 8
 136              		@ sp needed
 137 001a 10BD     		pop	{r4, pc}
 138              	.LVL3:
 139              	.L8:
 140              	.LCFI6:
 141              		.cfi_restore_state
  96:Core/Src/stm32f4xx_hal_msp.c **** 
 142              		.loc 1 96 5 is_stmt 1 view .LVU23
 143              	.LBB4:
  96:Core/Src/stm32f4xx_hal_msp.c **** 
 144              		.loc 1 96 5 view .LVU24
 145 001c 0024     		movs	r4, #0
 146 001e 0194     		str	r4, [sp, #4]
  96:Core/Src/stm32f4xx_hal_msp.c **** 
 147              		.loc 1 96 5 view .LVU25
 148 0020 03F5EA33 		add	r3, r3, #119808
 149 0024 1A6C     		ldr	r2, [r3, #64]
 150 0026 42F00072 		orr	r2, r2, #33554432
 151 002a 1A64     		str	r2, [r3, #64]
  96:Core/Src/stm32f4xx_hal_msp.c **** 
 152              		.loc 1 96 5 view .LVU26
 153 002c 1A6C     		ldr	r2, [r3, #64]
 154 002e 02F00072 		and	r2, r2, #33554432
 155 0032 0192     		str	r2, [sp, #4]
  96:Core/Src/stm32f4xx_hal_msp.c **** 
 156              		.loc 1 96 5 view .LVU27
 157 0034 019A     		ldr	r2, [sp, #4]
 158              	.LBE4:
  96:Core/Src/stm32f4xx_hal_msp.c **** 
 159              		.loc 1 96 5 view .LVU28
  98:Core/Src/stm32f4xx_hal_msp.c ****     /**CAN1 GPIO Configuration
 160              		.loc 1 98 5 view .LVU29
 161              	.LBB5:
  98:Core/Src/stm32f4xx_hal_msp.c ****     /**CAN1 GPIO Configuration
ARM GAS  /tmp/cci1ZmFJ.s 			page 6


 162              		.loc 1 98 5 view .LVU30
 163 0036 0294     		str	r4, [sp, #8]
  98:Core/Src/stm32f4xx_hal_msp.c ****     /**CAN1 GPIO Configuration
 164              		.loc 1 98 5 view .LVU31
 165 0038 1A6B     		ldr	r2, [r3, #48]
 166 003a 42F00102 		orr	r2, r2, #1
 167 003e 1A63     		str	r2, [r3, #48]
  98:Core/Src/stm32f4xx_hal_msp.c ****     /**CAN1 GPIO Configuration
 168              		.loc 1 98 5 view .LVU32
 169 0040 1B6B     		ldr	r3, [r3, #48]
 170 0042 03F00103 		and	r3, r3, #1
 171 0046 0293     		str	r3, [sp, #8]
  98:Core/Src/stm32f4xx_hal_msp.c ****     /**CAN1 GPIO Configuration
 172              		.loc 1 98 5 view .LVU33
 173 0048 029B     		ldr	r3, [sp, #8]
 174              	.LBE5:
  98:Core/Src/stm32f4xx_hal_msp.c ****     /**CAN1 GPIO Configuration
 175              		.loc 1 98 5 view .LVU34
 103:Core/Src/stm32f4xx_hal_msp.c ****     GPIO_InitStruct.Mode = GPIO_MODE_AF_PP;
 176              		.loc 1 103 5 view .LVU35
 103:Core/Src/stm32f4xx_hal_msp.c ****     GPIO_InitStruct.Mode = GPIO_MODE_AF_PP;
 177              		.loc 1 103 25 is_stmt 0 view .LVU36
 178 004a 4FF4C053 		mov	r3, #6144
 179 004e 0393     		str	r3, [sp, #12]
 104:Core/Src/stm32f4xx_hal_msp.c ****     GPIO_InitStruct.Pull = GPIO_NOPULL;
 180              		.loc 1 104 5 is_stmt 1 view .LVU37
 104:Core/Src/stm32f4xx_hal_msp.c ****     GPIO_InitStruct.Pull = GPIO_NOPULL;
 181              		.loc 1 104 26 is_stmt 0 view .LVU38
 182 0050 0223     		movs	r3, #2
 183 0052 0493     		str	r3, [sp, #16]
 105:Core/Src/stm32f4xx_hal_msp.c ****     GPIO_InitStruct.Speed = GPIO_SPEED_FREQ_VERY_HIGH;
 184              		.loc 1 105 5 is_stmt 1 view .LVU39
 106:Core/Src/stm32f4xx_hal_msp.c ****     GPIO_InitStruct.Alternate = GPIO_AF9_CAN1;
 185              		.loc 1 106 5 view .LVU40
 106:Core/Src/stm32f4xx_hal_msp.c ****     GPIO_InitStruct.Alternate = GPIO_AF9_CAN1;
 186              		.loc 1 106 27 is_stmt 0 view .LVU41
 187 0054 0323     		movs	r3, #3
 188 0056 0693     		str	r3, [sp, #24]
 107:Core/Src/stm32f4xx_hal_msp.c ****     HAL_GPIO_Init(GPIOA, &GPIO_InitStruct);
 189              		.loc 1 107 5 is_stmt 1 view .LVU42
 107:Core/Src/stm32f4xx_hal_msp.c ****     HAL_GPIO_Init(GPIOA, &GPIO_InitStruct);
 190              		.loc 1 107 31 is_stmt 0 view .LVU43
 191 0058 0923     		movs	r3, #9
 192 005a 0793     		str	r3, [sp, #28]
 108:Core/Src/stm32f4xx_hal_msp.c **** 
 193              		.loc 1 108 5 is_stmt 1 view .LVU44
 194 005c 03A9     		add	r1, sp, #12
 195 005e 0748     		ldr	r0, .L9+4
 196              	.LVL4:
 108:Core/Src/stm32f4xx_hal_msp.c **** 
 197              		.loc 1 108 5 is_stmt 0 view .LVU45
 198 0060 FFF7FEFF 		bl	HAL_GPIO_Init
 199              	.LVL5:
 111:Core/Src/stm32f4xx_hal_msp.c ****     HAL_NVIC_EnableIRQ(CAN1_RX0_IRQn);
 200              		.loc 1 111 5 is_stmt 1 view .LVU46
 201 0064 2246     		mov	r2, r4
 202 0066 2146     		mov	r1, r4
ARM GAS  /tmp/cci1ZmFJ.s 			page 7


 203 0068 1420     		movs	r0, #20
 204 006a FFF7FEFF 		bl	HAL_NVIC_SetPriority
 205              	.LVL6:
 112:Core/Src/stm32f4xx_hal_msp.c ****     /* USER CODE BEGIN CAN1_MspInit 1 */
 206              		.loc 1 112 5 view .LVU47
 207 006e 1420     		movs	r0, #20
 208 0070 FFF7FEFF 		bl	HAL_NVIC_EnableIRQ
 209              	.LVL7:
 210              		.loc 1 119 1 is_stmt 0 view .LVU48
 211 0074 D0E7     		b	.L5
 212              	.L10:
 213 0076 00BF     		.align	2
 214              	.L9:
 215 0078 00640040 		.word	1073767424
 216 007c 00000240 		.word	1073872896
 217              		.cfi_endproc
 218              	.LFE135:
 220              		.section	.text.HAL_CAN_MspDeInit,"ax",%progbits
 221              		.align	1
 222              		.global	HAL_CAN_MspDeInit
 223              		.syntax unified
 224              		.thumb
 225              		.thumb_func
 227              	HAL_CAN_MspDeInit:
 228              	.LVL8:
 229              	.LFB136:
 120:Core/Src/stm32f4xx_hal_msp.c **** 
 121:Core/Src/stm32f4xx_hal_msp.c **** /**
 122:Core/Src/stm32f4xx_hal_msp.c ****   * @brief CAN MSP De-Initialization
 123:Core/Src/stm32f4xx_hal_msp.c ****   * This function freeze the hardware resources used in this example
 124:Core/Src/stm32f4xx_hal_msp.c ****   * @param hcan: CAN handle pointer
 125:Core/Src/stm32f4xx_hal_msp.c ****   * @retval None
 126:Core/Src/stm32f4xx_hal_msp.c ****   */
 127:Core/Src/stm32f4xx_hal_msp.c **** void HAL_CAN_MspDeInit(CAN_HandleTypeDef* hcan)
 128:Core/Src/stm32f4xx_hal_msp.c **** {
 230              		.loc 1 128 1 is_stmt 1 view -0
 231              		.cfi_startproc
 232              		@ args = 0, pretend = 0, frame = 0
 233              		@ frame_needed = 0, uses_anonymous_args = 0
 234              		.loc 1 128 1 is_stmt 0 view .LVU50
 235 0000 08B5     		push	{r3, lr}
 236              	.LCFI7:
 237              		.cfi_def_cfa_offset 8
 238              		.cfi_offset 3, -8
 239              		.cfi_offset 14, -4
 129:Core/Src/stm32f4xx_hal_msp.c ****   if(hcan->Instance==CAN1)
 240              		.loc 1 129 3 is_stmt 1 view .LVU51
 241              		.loc 1 129 10 is_stmt 0 view .LVU52
 242 0002 0268     		ldr	r2, [r0]
 243              		.loc 1 129 5 view .LVU53
 244 0004 084B     		ldr	r3, .L15
 245 0006 9A42     		cmp	r2, r3
 246 0008 00D0     		beq	.L14
 247              	.LVL9:
 248              	.L11:
 130:Core/Src/stm32f4xx_hal_msp.c ****   {
 131:Core/Src/stm32f4xx_hal_msp.c ****     /* USER CODE BEGIN CAN1_MspDeInit 0 */
ARM GAS  /tmp/cci1ZmFJ.s 			page 8


 132:Core/Src/stm32f4xx_hal_msp.c **** 
 133:Core/Src/stm32f4xx_hal_msp.c ****     /* USER CODE END CAN1_MspDeInit 0 */
 134:Core/Src/stm32f4xx_hal_msp.c ****     /* Peripheral clock disable */
 135:Core/Src/stm32f4xx_hal_msp.c ****     __HAL_RCC_CAN1_CLK_DISABLE();
 136:Core/Src/stm32f4xx_hal_msp.c **** 
 137:Core/Src/stm32f4xx_hal_msp.c ****     /**CAN1 GPIO Configuration
 138:Core/Src/stm32f4xx_hal_msp.c ****     PA11     ------> CAN1_RX
 139:Core/Src/stm32f4xx_hal_msp.c ****     PA12     ------> CAN1_TX
 140:Core/Src/stm32f4xx_hal_msp.c ****     */
 141:Core/Src/stm32f4xx_hal_msp.c ****     HAL_GPIO_DeInit(GPIOA, GPIO_PIN_11|GPIO_PIN_12);
 142:Core/Src/stm32f4xx_hal_msp.c **** 
 143:Core/Src/stm32f4xx_hal_msp.c ****     /* CAN1 interrupt DeInit */
 144:Core/Src/stm32f4xx_hal_msp.c ****     HAL_NVIC_DisableIRQ(CAN1_RX0_IRQn);
 145:Core/Src/stm32f4xx_hal_msp.c ****     /* USER CODE BEGIN CAN1_MspDeInit 1 */
 146:Core/Src/stm32f4xx_hal_msp.c **** 
 147:Core/Src/stm32f4xx_hal_msp.c ****     /* USER CODE END CAN1_MspDeInit 1 */
 148:Core/Src/stm32f4xx_hal_msp.c ****   }
 149:Core/Src/stm32f4xx_hal_msp.c **** 
 150:Core/Src/stm32f4xx_hal_msp.c **** }
 249              		.loc 1 150 1 view .LVU54
 250 000a 08BD     		pop	{r3, pc}
 251              	.LVL10:
 252              	.L14:
 135:Core/Src/stm32f4xx_hal_msp.c **** 
 253              		.loc 1 135 5 is_stmt 1 view .LVU55
 254 000c 074A     		ldr	r2, .L15+4
 255 000e 136C     		ldr	r3, [r2, #64]
 256 0010 23F00073 		bic	r3, r3, #33554432
 257 0014 1364     		str	r3, [r2, #64]
 141:Core/Src/stm32f4xx_hal_msp.c **** 
 258              		.loc 1 141 5 view .LVU56
 259 0016 4FF4C051 		mov	r1, #6144
 260 001a 0548     		ldr	r0, .L15+8
 261              	.LVL11:
 141:Core/Src/stm32f4xx_hal_msp.c **** 
 262              		.loc 1 141 5 is_stmt 0 view .LVU57
 263 001c FFF7FEFF 		bl	HAL_GPIO_DeInit
 264              	.LVL12:
 144:Core/Src/stm32f4xx_hal_msp.c ****     /* USER CODE BEGIN CAN1_MspDeInit 1 */
 265              		.loc 1 144 5 is_stmt 1 view .LVU58
 266 0020 1420     		movs	r0, #20
 267 0022 FFF7FEFF 		bl	HAL_NVIC_DisableIRQ
 268              	.LVL13:
 269              		.loc 1 150 1 is_stmt 0 view .LVU59
 270 0026 F0E7     		b	.L11
 271              	.L16:
 272              		.align	2
 273              	.L15:
 274 0028 00640040 		.word	1073767424
 275 002c 00380240 		.word	1073887232
 276 0030 00000240 		.word	1073872896
 277              		.cfi_endproc
 278              	.LFE136:
 280              		.section	.text.HAL_UART_MspInit,"ax",%progbits
 281              		.align	1
 282              		.global	HAL_UART_MspInit
 283              		.syntax unified
ARM GAS  /tmp/cci1ZmFJ.s 			page 9


 284              		.thumb
 285              		.thumb_func
 287              	HAL_UART_MspInit:
 288              	.LVL14:
 289              	.LFB137:
 151:Core/Src/stm32f4xx_hal_msp.c **** 
 152:Core/Src/stm32f4xx_hal_msp.c **** /**
 153:Core/Src/stm32f4xx_hal_msp.c ****   * @brief UART MSP Initialization
 154:Core/Src/stm32f4xx_hal_msp.c ****   * This function configures the hardware resources used in this example
 155:Core/Src/stm32f4xx_hal_msp.c ****   * @param huart: UART handle pointer
 156:Core/Src/stm32f4xx_hal_msp.c ****   * @retval None
 157:Core/Src/stm32f4xx_hal_msp.c ****   */
 158:Core/Src/stm32f4xx_hal_msp.c **** void HAL_UART_MspInit(UART_HandleTypeDef* huart)
 159:Core/Src/stm32f4xx_hal_msp.c **** {
 290              		.loc 1 159 1 is_stmt 1 view -0
 291              		.cfi_startproc
 292              		@ args = 0, pretend = 0, frame = 32
 293              		@ frame_needed = 0, uses_anonymous_args = 0
 294              		.loc 1 159 1 is_stmt 0 view .LVU61
 295 0000 00B5     		push	{lr}
 296              	.LCFI8:
 297              		.cfi_def_cfa_offset 4
 298              		.cfi_offset 14, -4
 299 0002 89B0     		sub	sp, sp, #36
 300              	.LCFI9:
 301              		.cfi_def_cfa_offset 40
 160:Core/Src/stm32f4xx_hal_msp.c ****   GPIO_InitTypeDef GPIO_InitStruct = {0};
 302              		.loc 1 160 3 is_stmt 1 view .LVU62
 303              		.loc 1 160 20 is_stmt 0 view .LVU63
 304 0004 0023     		movs	r3, #0
 305 0006 0393     		str	r3, [sp, #12]
 306 0008 0493     		str	r3, [sp, #16]
 307 000a 0593     		str	r3, [sp, #20]
 308 000c 0693     		str	r3, [sp, #24]
 309 000e 0793     		str	r3, [sp, #28]
 161:Core/Src/stm32f4xx_hal_msp.c ****   if(huart->Instance==USART2)
 310              		.loc 1 161 3 is_stmt 1 view .LVU64
 311              		.loc 1 161 11 is_stmt 0 view .LVU65
 312 0010 0268     		ldr	r2, [r0]
 313              		.loc 1 161 5 view .LVU66
 314 0012 144B     		ldr	r3, .L21
 315 0014 9A42     		cmp	r2, r3
 316 0016 01D0     		beq	.L20
 317              	.LVL15:
 318              	.L17:
 162:Core/Src/stm32f4xx_hal_msp.c ****   {
 163:Core/Src/stm32f4xx_hal_msp.c ****     /* USER CODE BEGIN USART2_MspInit 0 */
 164:Core/Src/stm32f4xx_hal_msp.c **** 
 165:Core/Src/stm32f4xx_hal_msp.c ****     /* USER CODE END USART2_MspInit 0 */
 166:Core/Src/stm32f4xx_hal_msp.c ****     /* Peripheral clock enable */
 167:Core/Src/stm32f4xx_hal_msp.c ****     __HAL_RCC_USART2_CLK_ENABLE();
 168:Core/Src/stm32f4xx_hal_msp.c **** 
 169:Core/Src/stm32f4xx_hal_msp.c ****     __HAL_RCC_GPIOA_CLK_ENABLE();
 170:Core/Src/stm32f4xx_hal_msp.c ****     /**USART2 GPIO Configuration
 171:Core/Src/stm32f4xx_hal_msp.c ****     PA2     ------> USART2_TX
 172:Core/Src/stm32f4xx_hal_msp.c ****     PA3     ------> USART2_RX
 173:Core/Src/stm32f4xx_hal_msp.c ****     */
ARM GAS  /tmp/cci1ZmFJ.s 			page 10


 174:Core/Src/stm32f4xx_hal_msp.c ****     GPIO_InitStruct.Pin = USART_TX_Pin|USART_RX_Pin;
 175:Core/Src/stm32f4xx_hal_msp.c ****     GPIO_InitStruct.Mode = GPIO_MODE_AF_PP;
 176:Core/Src/stm32f4xx_hal_msp.c ****     GPIO_InitStruct.Pull = GPIO_NOPULL;
 177:Core/Src/stm32f4xx_hal_msp.c ****     GPIO_InitStruct.Speed = GPIO_SPEED_FREQ_VERY_HIGH;
 178:Core/Src/stm32f4xx_hal_msp.c ****     GPIO_InitStruct.Alternate = GPIO_AF7_USART2;
 179:Core/Src/stm32f4xx_hal_msp.c ****     HAL_GPIO_Init(GPIOA, &GPIO_InitStruct);
 180:Core/Src/stm32f4xx_hal_msp.c **** 
 181:Core/Src/stm32f4xx_hal_msp.c ****     /* USER CODE BEGIN USART2_MspInit 1 */
 182:Core/Src/stm32f4xx_hal_msp.c **** 
 183:Core/Src/stm32f4xx_hal_msp.c ****     /* USER CODE END USART2_MspInit 1 */
 184:Core/Src/stm32f4xx_hal_msp.c **** 
 185:Core/Src/stm32f4xx_hal_msp.c ****   }
 186:Core/Src/stm32f4xx_hal_msp.c **** 
 187:Core/Src/stm32f4xx_hal_msp.c **** }
 319              		.loc 1 187 1 view .LVU67
 320 0018 09B0     		add	sp, sp, #36
 321              	.LCFI10:
 322              		.cfi_remember_state
 323              		.cfi_def_cfa_offset 4
 324              		@ sp needed
 325 001a 00BD     		pop	{pc}
 326              	.LVL16:
 327              	.L20:
 328              	.LCFI11:
 329              		.cfi_restore_state
 167:Core/Src/stm32f4xx_hal_msp.c **** 
 330              		.loc 1 167 5 is_stmt 1 view .LVU68
 331              	.LBB6:
 167:Core/Src/stm32f4xx_hal_msp.c **** 
 332              		.loc 1 167 5 view .LVU69
 333 001c 0021     		movs	r1, #0
 334 001e 0191     		str	r1, [sp, #4]
 167:Core/Src/stm32f4xx_hal_msp.c **** 
 335              		.loc 1 167 5 view .LVU70
 336 0020 03F5FA33 		add	r3, r3, #128000
 337 0024 1A6C     		ldr	r2, [r3, #64]
 338 0026 42F40032 		orr	r2, r2, #131072
 339 002a 1A64     		str	r2, [r3, #64]
 167:Core/Src/stm32f4xx_hal_msp.c **** 
 340              		.loc 1 167 5 view .LVU71
 341 002c 1A6C     		ldr	r2, [r3, #64]
 342 002e 02F40032 		and	r2, r2, #131072
 343 0032 0192     		str	r2, [sp, #4]
 167:Core/Src/stm32f4xx_hal_msp.c **** 
 344              		.loc 1 167 5 view .LVU72
 345 0034 019A     		ldr	r2, [sp, #4]
 346              	.LBE6:
 167:Core/Src/stm32f4xx_hal_msp.c **** 
 347              		.loc 1 167 5 view .LVU73
 169:Core/Src/stm32f4xx_hal_msp.c ****     /**USART2 GPIO Configuration
 348              		.loc 1 169 5 view .LVU74
 349              	.LBB7:
 169:Core/Src/stm32f4xx_hal_msp.c ****     /**USART2 GPIO Configuration
 350              		.loc 1 169 5 view .LVU75
 351 0036 0291     		str	r1, [sp, #8]
 169:Core/Src/stm32f4xx_hal_msp.c ****     /**USART2 GPIO Configuration
 352              		.loc 1 169 5 view .LVU76
ARM GAS  /tmp/cci1ZmFJ.s 			page 11


 353 0038 1A6B     		ldr	r2, [r3, #48]
 354 003a 42F00102 		orr	r2, r2, #1
 355 003e 1A63     		str	r2, [r3, #48]
 169:Core/Src/stm32f4xx_hal_msp.c ****     /**USART2 GPIO Configuration
 356              		.loc 1 169 5 view .LVU77
 357 0040 1B6B     		ldr	r3, [r3, #48]
 358 0042 03F00103 		and	r3, r3, #1
 359 0046 0293     		str	r3, [sp, #8]
 169:Core/Src/stm32f4xx_hal_msp.c ****     /**USART2 GPIO Configuration
 360              		.loc 1 169 5 view .LVU78
 361 0048 029B     		ldr	r3, [sp, #8]
 362              	.LBE7:
 169:Core/Src/stm32f4xx_hal_msp.c ****     /**USART2 GPIO Configuration
 363              		.loc 1 169 5 view .LVU79
 174:Core/Src/stm32f4xx_hal_msp.c ****     GPIO_InitStruct.Mode = GPIO_MODE_AF_PP;
 364              		.loc 1 174 5 view .LVU80
 174:Core/Src/stm32f4xx_hal_msp.c ****     GPIO_InitStruct.Mode = GPIO_MODE_AF_PP;
 365              		.loc 1 174 25 is_stmt 0 view .LVU81
 366 004a 0C23     		movs	r3, #12
 367 004c 0393     		str	r3, [sp, #12]
 175:Core/Src/stm32f4xx_hal_msp.c ****     GPIO_InitStruct.Pull = GPIO_NOPULL;
 368              		.loc 1 175 5 is_stmt 1 view .LVU82
 175:Core/Src/stm32f4xx_hal_msp.c ****     GPIO_InitStruct.Pull = GPIO_NOPULL;
 369              		.loc 1 175 26 is_stmt 0 view .LVU83
 370 004e 0223     		movs	r3, #2
 371 0050 0493     		str	r3, [sp, #16]
 176:Core/Src/stm32f4xx_hal_msp.c ****     GPIO_InitStruct.Speed = GPIO_SPEED_FREQ_VERY_HIGH;
 372              		.loc 1 176 5 is_stmt 1 view .LVU84
 177:Core/Src/stm32f4xx_hal_msp.c ****     GPIO_InitStruct.Alternate = GPIO_AF7_USART2;
 373              		.loc 1 177 5 view .LVU85
 177:Core/Src/stm32f4xx_hal_msp.c ****     GPIO_InitStruct.Alternate = GPIO_AF7_USART2;
 374              		.loc 1 177 27 is_stmt 0 view .LVU86
 375 0052 0323     		movs	r3, #3
 376 0054 0693     		str	r3, [sp, #24]
 178:Core/Src/stm32f4xx_hal_msp.c ****     HAL_GPIO_Init(GPIOA, &GPIO_InitStruct);
 377              		.loc 1 178 5 is_stmt 1 view .LVU87
 178:Core/Src/stm32f4xx_hal_msp.c ****     HAL_GPIO_Init(GPIOA, &GPIO_InitStruct);
 378              		.loc 1 178 31 is_stmt 0 view .LVU88
 379 0056 0723     		movs	r3, #7
 380 0058 0793     		str	r3, [sp, #28]
 179:Core/Src/stm32f4xx_hal_msp.c **** 
 381              		.loc 1 179 5 is_stmt 1 view .LVU89
 382 005a 03A9     		add	r1, sp, #12
 383 005c 0248     		ldr	r0, .L21+4
 384              	.LVL17:
 179:Core/Src/stm32f4xx_hal_msp.c **** 
 385              		.loc 1 179 5 is_stmt 0 view .LVU90
 386 005e FFF7FEFF 		bl	HAL_GPIO_Init
 387              	.LVL18:
 388              		.loc 1 187 1 view .LVU91
 389 0062 D9E7     		b	.L17
 390              	.L22:
 391              		.align	2
 392              	.L21:
 393 0064 00440040 		.word	1073759232
 394 0068 00000240 		.word	1073872896
 395              		.cfi_endproc
ARM GAS  /tmp/cci1ZmFJ.s 			page 12


 396              	.LFE137:
 398              		.section	.text.HAL_UART_MspDeInit,"ax",%progbits
 399              		.align	1
 400              		.global	HAL_UART_MspDeInit
 401              		.syntax unified
 402              		.thumb
 403              		.thumb_func
 405              	HAL_UART_MspDeInit:
 406              	.LVL19:
 407              	.LFB138:
 188:Core/Src/stm32f4xx_hal_msp.c **** 
 189:Core/Src/stm32f4xx_hal_msp.c **** /**
 190:Core/Src/stm32f4xx_hal_msp.c ****   * @brief UART MSP De-Initialization
 191:Core/Src/stm32f4xx_hal_msp.c ****   * This function freeze the hardware resources used in this example
 192:Core/Src/stm32f4xx_hal_msp.c ****   * @param huart: UART handle pointer
 193:Core/Src/stm32f4xx_hal_msp.c ****   * @retval None
 194:Core/Src/stm32f4xx_hal_msp.c ****   */
 195:Core/Src/stm32f4xx_hal_msp.c **** void HAL_UART_MspDeInit(UART_HandleTypeDef* huart)
 196:Core/Src/stm32f4xx_hal_msp.c **** {
 408              		.loc 1 196 1 is_stmt 1 view -0
 409              		.cfi_startproc
 410              		@ args = 0, pretend = 0, frame = 0
 411              		@ frame_needed = 0, uses_anonymous_args = 0
 412              		.loc 1 196 1 is_stmt 0 view .LVU93
 413 0000 08B5     		push	{r3, lr}
 414              	.LCFI12:
 415              		.cfi_def_cfa_offset 8
 416              		.cfi_offset 3, -8
 417              		.cfi_offset 14, -4
 197:Core/Src/stm32f4xx_hal_msp.c ****   if(huart->Instance==USART2)
 418              		.loc 1 197 3 is_stmt 1 view .LVU94
 419              		.loc 1 197 11 is_stmt 0 view .LVU95
 420 0002 0268     		ldr	r2, [r0]
 421              		.loc 1 197 5 view .LVU96
 422 0004 064B     		ldr	r3, .L27
 423 0006 9A42     		cmp	r2, r3
 424 0008 00D0     		beq	.L26
 425              	.LVL20:
 426              	.L23:
 198:Core/Src/stm32f4xx_hal_msp.c ****   {
 199:Core/Src/stm32f4xx_hal_msp.c ****     /* USER CODE BEGIN USART2_MspDeInit 0 */
 200:Core/Src/stm32f4xx_hal_msp.c **** 
 201:Core/Src/stm32f4xx_hal_msp.c ****     /* USER CODE END USART2_MspDeInit 0 */
 202:Core/Src/stm32f4xx_hal_msp.c ****     /* Peripheral clock disable */
 203:Core/Src/stm32f4xx_hal_msp.c ****     __HAL_RCC_USART2_CLK_DISABLE();
 204:Core/Src/stm32f4xx_hal_msp.c **** 
 205:Core/Src/stm32f4xx_hal_msp.c ****     /**USART2 GPIO Configuration
 206:Core/Src/stm32f4xx_hal_msp.c ****     PA2     ------> USART2_TX
 207:Core/Src/stm32f4xx_hal_msp.c ****     PA3     ------> USART2_RX
 208:Core/Src/stm32f4xx_hal_msp.c ****     */
 209:Core/Src/stm32f4xx_hal_msp.c ****     HAL_GPIO_DeInit(GPIOA, USART_TX_Pin|USART_RX_Pin);
 210:Core/Src/stm32f4xx_hal_msp.c **** 
 211:Core/Src/stm32f4xx_hal_msp.c ****     /* USER CODE BEGIN USART2_MspDeInit 1 */
 212:Core/Src/stm32f4xx_hal_msp.c **** 
 213:Core/Src/stm32f4xx_hal_msp.c ****     /* USER CODE END USART2_MspDeInit 1 */
 214:Core/Src/stm32f4xx_hal_msp.c ****   }
 215:Core/Src/stm32f4xx_hal_msp.c **** 
ARM GAS  /tmp/cci1ZmFJ.s 			page 13


 216:Core/Src/stm32f4xx_hal_msp.c **** }
 427              		.loc 1 216 1 view .LVU97
 428 000a 08BD     		pop	{r3, pc}
 429              	.LVL21:
 430              	.L26:
 203:Core/Src/stm32f4xx_hal_msp.c **** 
 431              		.loc 1 203 5 is_stmt 1 view .LVU98
 432 000c 054A     		ldr	r2, .L27+4
 433 000e 136C     		ldr	r3, [r2, #64]
 434 0010 23F40033 		bic	r3, r3, #131072
 435 0014 1364     		str	r3, [r2, #64]
 209:Core/Src/stm32f4xx_hal_msp.c **** 
 436              		.loc 1 209 5 view .LVU99
 437 0016 0C21     		movs	r1, #12
 438 0018 0348     		ldr	r0, .L27+8
 439              	.LVL22:
 209:Core/Src/stm32f4xx_hal_msp.c **** 
 440              		.loc 1 209 5 is_stmt 0 view .LVU100
 441 001a FFF7FEFF 		bl	HAL_GPIO_DeInit
 442              	.LVL23:
 443              		.loc 1 216 1 view .LVU101
 444 001e F4E7     		b	.L23
 445              	.L28:
 446              		.align	2
 447              	.L27:
 448 0020 00440040 		.word	1073759232
 449 0024 00380240 		.word	1073887232
 450 0028 00000240 		.word	1073872896
 451              		.cfi_endproc
 452              	.LFE138:
 454              		.text
 455              	.Letext0:
 456              		.file 2 "Drivers/CMSIS/Device/ST/STM32F4xx/Include/stm32f446xx.h"
 457              		.file 3 "/opt/st/stm32cubeclt_1.21.0/GNU-tools-for-STM32/arm-none-eabi/include/machine/_default_ty
 458              		.file 4 "/opt/st/stm32cubeclt_1.21.0/GNU-tools-for-STM32/arm-none-eabi/include/sys/_stdint.h"
 459              		.file 5 "Drivers/CMSIS/Device/ST/STM32F4xx/Include/stm32f4xx.h"
 460              		.file 6 "Drivers/STM32F4xx_HAL_Driver/Inc/stm32f4xx_hal_def.h"
 461              		.file 7 "Drivers/STM32F4xx_HAL_Driver/Inc/stm32f4xx_hal_gpio.h"
 462              		.file 8 "Drivers/STM32F4xx_HAL_Driver/Inc/stm32f4xx_hal_dma.h"
 463              		.file 9 "Drivers/STM32F4xx_HAL_Driver/Inc/stm32f4xx_hal_can.h"
 464              		.file 10 "Drivers/STM32F4xx_HAL_Driver/Inc/stm32f4xx_hal_uart.h"
 465              		.file 11 "Drivers/STM32F4xx_HAL_Driver/Inc/stm32f4xx_hal_cortex.h"
ARM GAS  /tmp/cci1ZmFJ.s 			page 14


DEFINED SYMBOLS
                            *ABS*:00000000 stm32f4xx_hal_msp.c
     /tmp/cci1ZmFJ.s:21     .text.HAL_MspInit:00000000 $t
     /tmp/cci1ZmFJ.s:27     .text.HAL_MspInit:00000000 HAL_MspInit
     /tmp/cci1ZmFJ.s:87     .text.HAL_MspInit:0000003c $d
     /tmp/cci1ZmFJ.s:92     .text.HAL_CAN_MspInit:00000000 $t
     /tmp/cci1ZmFJ.s:98     .text.HAL_CAN_MspInit:00000000 HAL_CAN_MspInit
     /tmp/cci1ZmFJ.s:215    .text.HAL_CAN_MspInit:00000078 $d
     /tmp/cci1ZmFJ.s:221    .text.HAL_CAN_MspDeInit:00000000 $t
     /tmp/cci1ZmFJ.s:227    .text.HAL_CAN_MspDeInit:00000000 HAL_CAN_MspDeInit
     /tmp/cci1ZmFJ.s:274    .text.HAL_CAN_MspDeInit:00000028 $d
     /tmp/cci1ZmFJ.s:281    .text.HAL_UART_MspInit:00000000 $t
     /tmp/cci1ZmFJ.s:287    .text.HAL_UART_MspInit:00000000 HAL_UART_MspInit
     /tmp/cci1ZmFJ.s:393    .text.HAL_UART_MspInit:00000064 $d
     /tmp/cci1ZmFJ.s:399    .text.HAL_UART_MspDeInit:00000000 $t
     /tmp/cci1ZmFJ.s:405    .text.HAL_UART_MspDeInit:00000000 HAL_UART_MspDeInit
     /tmp/cci1ZmFJ.s:448    .text.HAL_UART_MspDeInit:00000020 $d

UNDEFINED SYMBOLS
HAL_NVIC_SetPriorityGrouping
HAL_GPIO_Init
HAL_NVIC_SetPriority
HAL_NVIC_EnableIRQ
HAL_GPIO_DeInit
HAL_NVIC_DisableIRQ
